<?xml version="1.0" encoding="UTF-8"?>
<testng-results ignored="0" total="1" passed="1" failed="0" skipped="0">
  <reporter-output>
  </reporter-output>
  <suite started-at="2023-09-10T20:03:45 BST" name="SeamlessHRTest" finished-at="2023-09-10T20:05:40 BST" duration-ms="115135">
    <groups>
    </groups>
    <test started-at="2023-09-10T20:03:45 BST" name="AdminActions" finished-at="2023-09-10T20:05:40 BST" duration-ms="115135">
      <class name="seamlessHR.DeleteAdmin">
        <test-method is-config="true" signature="EditEmployeeTest()[pri:0, instance:seamlessHR.DeleteAdmin@5bda8e08]" started-at="2023-09-10T20:05:00 BST" name="EditEmployeeTest" finished-at="2023-09-10T20:05:40 BST" duration-ms="39334" status="PASS">
          <reporter-output>
          </reporter-output>
        </test-method> <!-- EditEmployeeTest -->
      </class> <!-- seamlessHR.DeleteAdmin -->
      <class name="seamlessHR.AddAdmin">
        <test-method is-config="true" signature="SeamlessHRTestQuestion1()[pri:0, instance:seamlessHR.AddAdmin@4c12331b]" started-at="2023-09-10T20:03:45 BST" name="SeamlessHRTestQuestion1" finished-at="2023-09-10T20:04:27 BST" duration-ms="42578" status="PASS">
          <reporter-output>
          </reporter-output>
        </test-method> <!-- SeamlessHRTestQuestion1 -->
      </class> <!-- seamlessHR.AddAdmin -->
      <class name="seamlessHR.EditAdmin">
        <test-method signature="EditEmployeeTest()[pri:0, instance:seamlessHR.EditAdmin@3eb738bb]" started-at="2023-09-10T20:04:27 BST" name="EditEmployeeTest" finished-at="2023-09-10T20:05:00 BST" duration-ms="33133" status="PASS">
          <reporter-output>
          </reporter-output>
        </test-method> <!-- EditEmployeeTest -->
      </class> <!-- seamlessHR.EditAdmin -->
    </test> <!-- AdminActions -->
  </suite> <!-- SeamlessHRTest -->
</testng-results>
